2022-02-21 15:07:20,609 __________ENGINE CREATION__________
2022-02-21 15:07:20,698 Datamanager initialised
2022-02-21 15:07:20,698 file : settings.jsonloaded successfully
2022-02-21 15:07:20,767 engine initialised successfully
2022-02-21 15:08:47,530 __________ENGINE CREATION__________ 
 Version: 0.2
2022-02-21 15:08:47,640 Datamanager initialised
2022-02-21 15:08:47,641 file : settings.json loaded successfully
2022-02-21 15:08:47,711 engine initialised successfully
2022-02-21 15:10:50,219 __________ENGINE CREATION__________ 
 Engine version: 0.2
2022-02-21 15:10:50,304 Datamanager initialised
2022-02-21 15:10:50,305 file : settings.json loaded successfully
2022-02-21 15:10:50,367 engine initialised successfully
2022-02-21 15:13:19,980__________ENGINE CREATION__________ 
 Engine version: 0.2
2022-02-21 15:13:20,068Datamanager initialised
2022-02-21 15:13:20,069file : settings.json loaded successfully
2022-02-21 15:13:20,131engine initialised successfully
2022-02-21 15:13:41,090__________ENGINE CREATION__________ 
 Engine version: 0.2
2022-02-21 15:13:41,173Datamanager initialised
2022-02-21 15:13:41,174file : settings.json loaded successfully
2022-02-21 15:13:41,240engine initialised successfully
