2022-02-23 22:22:08,426 | Engine V0.2.0 | WARNING | _____________________________ENGINE CREATION_____________________________ 
 Engine version: 0.2.0
2022-02-23 22:22:08,483 | Engine V0.2.0 | INFO | Gamentities : {'Scene': <class 'engine.gameobjects.Scene'>, 'SceneArea': <class 'engine.gameobjects.SceneArea'>, 'SceneAreaObject': <class 'engine.gameobjects.SceneAreaObject'>, 'EmptyGameSurface': <class 'engine.gameobjects.EmptyGameSurface'>, 'ImageGameSurface': <class 'engine.gameobjects.ImageGameSurface'>}
2022-02-23 22:22:08,546 | Engine V0.2.0 | INFO | Data Manager initialised.
2022-02-23 22:22:08,547 | Engine V0.2.0 | INFO | file : settings.json - loaded successfully
2022-02-23 22:22:08,547 | Engine V0.2.0 | INFO | Engine config : {'screensize': [1800, 1024], 'fullscreen': None, 'scenes': 'data\\scenes.json', 'dependencies': {'src': 'import'}, 'dataconfig': {'_preload': []}}
2022-02-23 22:22:08,631 | Engine V0.2.0 | INFO | file : data\scenes.json - loaded successfully
2022-02-23 22:22:08,631 | Engine V0.2.0 | INFO | scenes data: {'scenes': [{'ID': 'scene1', 'SceneAreas': []}]}
2022-02-23 22:22:08,632 | Engine V0.2.0 | INFO | Scene created successfully. SceneID: scene1
2022-02-23 22:22:08,632 | Engine V0.2.0 | INFO | Display Manager initialised. 
 screensize : [1800, 1024] 
 scenes : {'scene1': <engine.gameobjects.Scene object at 0x000001F40CA53400>}
2022-02-23 22:22:08,641 | Engine V0.2.0 | INFO | file : data\map\map.json - loaded successfully
2022-02-23 22:22:08,642 | Engine V0.2.0 | INFO | dependency : src - imported successfully
2022-02-23 22:22:08,642 | Engine V0.2.0 | INFO | engine initialised successfully
2022-02-23 22:22:11,457 | Engine V0.2.0 | INFO | quitting
2022-02-23 22:22:11,458 | Engine V0.2.0 | INFO | fps mean : 400.0000009915399
2022-02-23 22:22:11,458 | Engine V0.2.0 | WARNING | _____________________________ ENGINE QUIT _____________________________ 

2022-02-23 22:22:11,539 | Engine V0.2.0 | INFO | Gamentity deleted: <class 'src.main.Map'>
2022-02-23 22:22:11,539 | Engine V0.2.0 | INFO | Gamentity deleted: <class 'engine.gameobjects.Scene'>
2022-02-23 22:25:40,163 | Engine V0.2.0 | WARNING | _____________________________ENGINE CREATION_____________________________ 
 Engine version: 0.2.0
2022-02-23 22:25:40,287 | Engine V0.2.0 | INFO | Data Manager initialised.
2022-02-23 22:25:40,288 | Engine V0.2.0 | INFO | file : settings.json - loaded successfully
2022-02-23 22:25:40,288 | Engine V0.2.0 | INFO | Engine config : {'screensize': [1800, 1024], 'fullscreen': None, 'scenes': 'data\\scenes.json', 'dependencies': {'src': 'import'}, 'dataconfig': {'_preload': []}}
2022-02-23 22:25:40,391 | Engine V0.2.0 | INFO | file : data\scenes.json - loaded successfully
2022-02-23 22:25:40,392 | Engine V0.2.0 | INFO | scenes data: {'scenes': [{'ID': 'scene1', 'SceneAreas': []}]}
2022-02-23 22:25:40,393 | Engine V0.2.0 | INFO | Display Manager initialised. 
 screensize : [1800, 1024] 
 scenes : {}
2022-02-23 22:25:40,396 | Engine V0.2.0 | INFO | dependency : src - imported successfully
2022-02-23 22:25:40,396 | Engine V0.2.0 | INFO | Gamentities : {'Scene': <class 'engine.gameobjects.Scene'>, 'SceneArea': <class 'engine.gameobjects.SceneArea'>, 'SceneAreaObject': <class 'engine.gameobjects.SceneAreaObject'>, 'EmptyGameSurface': <class 'engine.gameobjects.EmptyGameSurface'>, 'ImageGameSurface': <class 'engine.gameobjects.ImageGameSurface'>, 'World': <class 'src.main.World'>, 'Map': <class 'src.main.Map'>}
2022-02-23 22:25:40,397 | Engine V0.2.0 | INFO | engine initialised successfully
2022-02-23 22:25:42,320 | Engine V0.2.0 | INFO | quitting
2022-02-23 22:25:42,321 | Engine V0.2.0 | INFO | fps mean : 357.1562602967396
2022-02-23 22:25:42,321 | Engine V0.2.0 | WARNING | _____________________________ ENGINE QUIT _____________________________ 

2022-02-23 22:36:16,899 | Engine V0.2.0 | WARNING | _____________________________ENGINE CREATION_____________________________ 
 Engine version: 0.2.0
2022-02-23 22:36:17,201 | Engine V0.2.0 | INFO | Data Manager initialised.
2022-02-23 22:36:17,202 | Engine V0.2.0 | INFO | file : settings.json - loaded successfully
2022-02-23 22:36:17,202 | Engine V0.2.0 | INFO | Engine config : {'screensize': [1800, 1024], 'fullscreen': None, 'scenes': 'data\\scenes.json', 'dependencies': {'src': 'import'}, 'dataconfig': {'_preload': []}}
2022-02-23 22:36:17,305 | Engine V0.2.0 | INFO | file : data\scenes.json - loaded successfully
2022-02-23 22:36:17,305 | Engine V0.2.0 | INFO | scenes data: {'scenes': [{'ID': 'scene1', 'SceneAreas': []}]}
2022-02-23 22:36:17,306 | Engine V0.2.0 | INFO | Display Manager initialised. 
 screensize : [1800, 1024] 
 scenes : {}
2022-02-23 22:36:40,062 | Engine V0.2.0 | WARNING | _____________________________ENGINE CREATION_____________________________ 
 Engine version: 0.2.0
2022-02-23 22:36:40,945 | Engine V0.2.0 | INFO | Data Manager initialised.
2022-02-23 22:36:40,946 | Engine V0.2.0 | INFO | file : settings.json - loaded successfully
2022-02-23 22:36:40,946 | Engine V0.2.0 | INFO | Engine config : {'screensize': [1800, 1024], 'fullscreen': None, 'scenes': 'data\\scenes.json', 'dependencies': {'src': 'import'}, 'dataconfig': {'_preload': []}}
2022-02-23 22:36:41,032 | Engine V0.2.0 | INFO | file : data\scenes.json - loaded successfully
2022-02-23 22:36:41,033 | Engine V0.2.0 | INFO | scenes data: {'scenes': [{'ID': 'scene1', 'SceneAreas': []}]}
2022-02-23 22:36:41,034 | Engine V0.2.0 | INFO | Display Manager initialised. 
 screensize : [1800, 1024] 
 scenes : {}
